This is pdfTeX, Version 3.141592653-2.6-1.40.22 (TeX Live 2021) (preloaded format=pdflatex 2021.5.2)  6 MAY 2021 10:28
entering extended mode
 restricted \write18 enabled.
 %&-line parsing enabled.
**final_paper.tex
(./final_paper.tex
LaTeX2e <2020-10-01> patch level 4
L3 programming layer <2021-02-18> (./agujournal2018.cls
Document Class: agujournal2018 08/23/2018
(/home/robert/.TinyTeX/texmf-dist/tex/latex/graphics/graphicx.sty
Package: graphicx 2020/09/09 v1.2b Enhanced LaTeX Graphics (DPC,SPQR)
(/home/robert/.TinyTeX/texmf-dist/tex/latex/graphics/keyval.sty
Package: keyval 2014/10/28 v1.15 key=value parser (DPC)
\KV@toks@=\toks15
) (/home/robert/.TinyTeX/texmf-dist/tex/latex/graphics/graphics.sty
Package: graphics 2020/08/30 v1.4c Standard LaTeX Graphics (DPC,SPQR)
(/home/robert/.TinyTeX/texmf-dist/tex/latex/graphics/trig.sty
Package: trig 2016/01/03 v1.10 sin cos tan (DPC)
) (/home/robert/.TinyTeX/texmf-dist/tex/latex/graphics-cfg/graphics.cfg
File: graphics.cfg 2016/06/04 v1.11 sample graphics configuration
)
Package graphics Info: Driver file: pdftex.def on input line 105.
(/home/robert/.TinyTeX/texmf-dist/tex/latex/graphics-def/pdftex.def
File: pdftex.def 2020/10/05 v1.2a Graphics/color driver for pdftex
))
\Gin@req@height=\dimen138
\Gin@req@width=\dimen139
) (/home/robert/.TinyTeX/texmf-dist/tex/latex/xcolor/xcolor.sty
Package: xcolor 2016/05/11 v2.12 LaTeX color extensions (UK)
(/home/robert/.TinyTeX/texmf-dist/tex/latex/graphics-cfg/color.cfg
File: color.cfg 2016/01/02 v1.6 sample color configuration
)
Package xcolor Info: Driver file: pdftex.def on input line 225.
Package xcolor Info: Model `cmy' substituted by `cmy0' on input line 1348.
Package xcolor Info: Model `hsb' substituted by `rgb' on input line 1352.
Package xcolor Info: Model `RGB' extended on input line 1364.
Package xcolor Info: Model `HTML' substituted by `rgb' on input line 1366.
Package xcolor Info: Model `Hsb' substituted by `hsb' on input line 1367.
Package xcolor Info: Model `tHsb' substituted by `hsb' on input line 1368.
Package xcolor Info: Model `HSB' substituted by `hsb' on input line 1369.
Package xcolor Info: Model `Gray' substituted by `gray' on input line 1370.
Package xcolor Info: Model `wave' substituted by `hsb' on input line 1371.
) (/home/robert/.TinyTeX/texmf-dist/tex/latex/url/url.sty
\Urlmuskip=\muskip16
Package: url 2013/09/16  ver 3.4  Verb mode for urls, etc.
) (./trackchanges.sty
Package: trackchanges 2009/04/22 v0.7.0 TrackChanges file 
(/home/robert/.TinyTeX/texmf-dist/tex/latex/base/ifthen.sty
Package: ifthen 2014/09/29 v1.1c Standard LaTeX ifthen package (DPC)
) (/home/robert/.TinyTeX/texmf-dist/tex/latex/tools/calc.sty
Package: calc 2017/05/25 v4.3 Infix arithmetic (KKT,FJ)
\calc@Acount=\count179
\calc@Bcount=\count180
\calc@Adimen=\dimen140
\calc@Bdimen=\dimen141
\calc@Askip=\skip47
\calc@Bskip=\skip48
LaTeX Info: Redefining \setlength on input line 80.
LaTeX Info: Redefining \addtolength on input line 81.
\calc@Ccount=\count181
\calc@Cskip=\skip49
) (/home/robert/.TinyTeX/texmf-dist/tex/generic/soul/soul.sty
Package: soul 2003/11/17 v2.4 letterspacing/underlining (mf)
\SOUL@word=\toks16
\SOUL@lasttoken=\toks17
\SOUL@cmds=\toks18
\SOUL@buffer=\toks19
\SOUL@token=\toks20
\SOUL@spaceskip=\skip50
\SOUL@ttwidth=\dimen142
\SOUL@uldp=\dimen143
\SOUL@ulht=\dimen144
) (/home/robert/.TinyTeX/texmf-dist/tex/latex/morefloats/morefloats.sty
Package: morefloats 2015/07/22 v1.0h Raise limit of unprocessed floats (HMM)
(/home/robert/.TinyTeX/texmf-dist/tex/latex/kvoptions/kvoptions.sty
Package: kvoptions 2020-10-07 v3.14 Key value format for package options (HO)
(/home/robert/.TinyTeX/texmf-dist/tex/generic/ltxcmds/ltxcmds.sty
Package: ltxcmds 2020-05-10 v1.25 LaTeX kernel commands for general use (HO)
) (/home/robert/.TinyTeX/texmf-dist/tex/generic/kvsetkeys/kvsetkeys.sty
Package: kvsetkeys 2019/12/15 v1.18 Key value parser (HO)
))
Package morefloats Info: Maximum number of possible floats asked for: 36
(morefloats)             (i.e. 18 more floats).
(morefloats)             LaTeX might run out of memory before this
(morefloats)             (in which case it will notify you).
)
\c@userid=\count182
\c@changenumber=\count183
\c@storefootnote=\count184
\c@numeditors=\count185
\c@maxeditors=\count186
) (/home/robert/.TinyTeX/texmf-dist/tex/latex/lineno/lineno.sty
Package: lineno 2005/11/02 line numbers on paragraphs v4.41
\linenopenalty=\count187
\output=\toks21
\linenoprevgraf=\count188
\linenumbersep=\dimen145
\linenumberwidth=\dimen146
\c@linenumber=\count189
\c@pagewiselinenumber=\count190
\c@LN@truepage=\count191
\c@internallinenumber=\count192
\c@internallinenumbers=\count193
\quotelinenumbersep=\dimen147
\bframerule=\dimen148
\bframesep=\dimen149
\bframebox=\box47
LaTeX Info: Redefining \\ on input line 3056.
) (/home/robert/.TinyTeX/texmf-dist/tex/latex/tools/indentfirst.sty
Package: indentfirst 1995/11/23 v1.03 Indent first paragraph (DPC)
) (/home/robert/.TinyTeX/texmf-dist/tex/latex/ragged2e/ragged2e.sty
Package: ragged2e 2021/02/05 v3.0 ragged2e Package
(/home/robert/.TinyTeX/texmf-dist/tex/latex/everysel/everysel.sty
Package: everysel 2021/01/20 v2.1 EverySelectfont Package (MS)
(/home/robert/.TinyTeX/texmf-dist/tex/latex/everysel/everysel-2011-10-28.sty))
\CenteringLeftskip=\skip51
\RaggedLeftLeftskip=\skip52
\RaggedRightLeftskip=\skip53
\CenteringRightskip=\skip54
\RaggedLeftRightskip=\skip55
\RaggedRightRightskip=\skip56
\CenteringParfillskip=\skip57
\RaggedLeftParfillskip=\skip58
\RaggedRightParfillskip=\skip59
\JustifyingParfillskip=\skip60
\CenteringParindent=\skip61
\RaggedLeftParindent=\skip62
\RaggedRightParindent=\skip63
\JustifyingParindent=\skip64
) (/home/robert/.TinyTeX/texmf-dist/tex/latex/graphics/rotating.sty
Package: rotating 2016/08/11 v2.16d rotated objects in LaTeX
\c@r@tfl@t=\count194
\rotFPtop=\skip65
\rotFPbot=\skip66
\rot@float@box=\box48
\rot@mess@toks=\toks22
) (/home/robert/.TinyTeX/texmf-dist/tex/generic/ulem/ulem.sty
\UL@box=\box49
\UL@hyphenbox=\box50
\UL@skip=\skip67
\UL@hook=\toks23
\UL@height=\dimen150
\UL@pe=\count195
\UL@pixel=\dimen151
\ULC@box=\box51
Package: ulem 2019/11/18
\ULdepth=\dimen152
)
\draftskip=\count196
\c@section=\count197
\c@subsection=\count198
\c@subsubsection=\count199
\c@paragraph=\count266
\c@subparagraph=\count267
\c@figure=\count268
\c@table=\count269
\abovecaptionskip=\skip68
\belowcaptionskip=\skip69
\c@appendnum=\count270
\bibindent=\dimen153
(/home/robert/.TinyTeX/texmf-dist/tex/latex/apacite/apacite.sty
Package: apacite 2013/07/21 v6.03 APA citation
\c@BibCnt=\count271
\bibleftmargin=\skip70
\bibindent=\skip71
\bibparsep=\skip72
\bibitemsep=\skip73
\biblabelsep=\skip74
) (/home/robert/.TinyTeX/texmf-dist/tex/latex/natbib/natbib.sty
Package: natbib 2010/09/13 8.31b (PWD, AO)
\bibhang=\skip75
\bibsep=\skip76
LaTeX Info: Redefining \cite on input line 694.
\c@NAT@ctr=\count272
)
LaTeX Info: Redefining \BBA on input line 1149.
) (/home/robert/.TinyTeX/texmf-dist/tex/generic/soulutf8/soulutf8.sty
Package: soulutf8 2019/12/15 v1.2 Permit use of UTF-8 characters in soul (HO)
(/home/robert/.TinyTeX/texmf-dist/tex/generic/infwarerr/infwarerr.sty
Package: infwarerr 2019/12/03 v1.5 Providing info/warning/error messages (HO)
) (/home/robert/.TinyTeX/texmf-dist/tex/generic/etexcmds/etexcmds.sty
Package: etexcmds 2019/12/15 v1.7 Avoid name clashes with e-TeX commands (HO)
(/home/robert/.TinyTeX/texmf-dist/tex/generic/iftex/iftex.sty
Package: iftex 2020/03/06 v1.0d TeX engine tests
))) (/home/robert/.TinyTeX/texmf-dist/tex/latex/l3backend/l3backend-pdftex.def
File: l3backend-pdftex.def 2021-03-18 L3 backend support: PDF output (pdfTeX)
\l__color_backend_stack_int=\count273
\l__pdf_internal_box=\box52
) (./final_paper.aux)
\openout1 = `final_paper.aux'.

LaTeX Font Info:    Checking defaults for OML/cmm/m/it on input line 71.
LaTeX Font Info:    ... okay on input line 71.
LaTeX Font Info:    Checking defaults for OMS/cmsy/m/n on input line 71.
LaTeX Font Info:    ... okay on input line 71.
LaTeX Font Info:    Checking defaults for OT1/cmr/m/n on input line 71.
LaTeX Font Info:    ... okay on input line 71.
LaTeX Font Info:    Checking defaults for T1/cmr/m/n on input line 71.
LaTeX Font Info:    ... okay on input line 71.
LaTeX Font Info:    Checking defaults for TS1/cmr/m/n on input line 71.
LaTeX Font Info:    ... okay on input line 71.
LaTeX Font Info:    Checking defaults for OMX/cmex/m/n on input line 71.
LaTeX Font Info:    ... okay on input line 71.
LaTeX Font Info:    Checking defaults for U/cmr/m/n on input line 71.
LaTeX Font Info:    ... okay on input line 71.
(/home/robert/.TinyTeX/texmf-dist/tex/latex/epstopdf-pkg/epstopdf-base.sty
Package: epstopdf-base 2020-01-24 v2.11 Base part for package epstopdf
Package epstopdf-base Info: Redefining graphics rule for `.eps' on input line 4
85.
(/home/robert/.TinyTeX/texmf-dist/tex/latex/latexconfig/epstopdf-sys.cfg
File: epstopdf-sys.cfg 2010/07/13 v1.3 Configuration of (r)epstopdf for TeX Liv
e
))

Package trackchanges Warning: TrackChanges is not compatable with the 
(trackchanges)                'ulem' package.
(trackchanges)                Use the 'soul' package instead.

ABD: EverySelectfont initializing macros
LaTeX Info: Redefining \selectfont on input line 71.
\c@maskedRefs=\count274
(/home/robert/.TinyTeX/texmf-dist/tex/latex/apacite/english.apc
File: english.apc 2013/07/21 v6.03 apacite language file
LaTeX Info: Redefining \BPBI on input line 129.
LaTeX Info: Redefining \BHBI on input line 130.
)
LaTeX Font Info:    External font `cmex10' loaded for size
(Font)              <7> on input line 115.
LaTeX Font Info:    External font `cmex10' loaded for size
(Font)              <5> on input line 115.
LaTeX Font Info:    External font `cmex10' loaded for size
(Font)              <8> on input line 115.
LaTeX Font Info:    External font `cmex10' loaded for size
(Font)              <6> on input line 115.
[1{/home/robert/.TinyTeX/texmf-var/fonts/map/pdftex/updmap/pdftex.map}]
Overfull \hbox (25.01576pt too wide) in paragraph at lines 172--177
\OT1/cmr/m/n/10 A good ab-stract will be-gin with a short de-scrip-tion of the 
prob-lem be-ing ad-dressed, briefly 
 []


Overfull \hbox (1.43231pt too wide) in paragraph at lines 172--177
\OT1/cmr/m/n/10 de-scribe the new data or anal-y-ses, then briefly states the m
ain con-clu-sion(s) and how 
 []


Overfull \hbox (28.84923pt too wide) in paragraph at lines 180--182
\OT1/cmr/m/n/10 Some jour-nals re-quire a plain lan-guage sum-mary. See: https:
//publications.agu.org/author- 
 []


LaTeX Font Warning: Font shape `OT1/cmr/m/n' in size <10.5> not available
(Font)              size <10.95> substituted on input line 185.


LaTeX Font Warning: Font shape `OT1/cmr/bx/n' in size <10.5> not available
(Font)              size <10.95> substituted on input line 185.


Overfull \hbox (24.18239pt too wide) in paragraph at lines 187--190
[]\OT1/cmr/m/n/10 The main text should start with an in-tro-duc-tion. Ex-cept f
or short manuscripts (such 
 []


Overfull \hbox (26.09898pt too wide) in paragraph at lines 187--190
\OT1/cmr/m/n/10 as com-ments and replies), the text should be di-vided into sec
-tions, each with its own head- 
 []


Overfull \hbox (1.43224pt too wide) in paragraph at lines 191--195
[]\OT1/cmr/m/n/10 Headings should be sen-tence frag-ments and do not be-gin wit
h a low-er-case let-ter 
 []


Overfull \hbox (16.3768pt too wide) in paragraph at lines 191--195
\OT1/cmr/m/n/10 or num-ber. Cap-i-tal-ize the first let-ter of each word (ex-ce
pt for prepo-si-tions, con-junc-tions, 
 []


Overfull \hbox (2.01555pt too wide) in paragraph at lines 200--202
[]\OT1/cmr/m/n/10 Do not use bul-leted lists; enu-mer-ated lists are okay. Use 
#. for list for a cleaner 
 []

LaTeX Font Info:    Trying to load font information for OMS+cmr on input line 2
12.
(/home/robert/.TinyTeX/texmf-dist/tex/latex/base/omscmr.fd
File: omscmr.fd 2019/12/16 v2.5j Standard LaTeX font definitions
)
LaTeX Font Info:    Font shape `OMS/cmr/m/n' in size <10> not available
(Font)              Font shape `OMS/cmsy/m/n' tried instead on input line 212.

Overfull \hbox (12.09886pt too wide) in paragraph at lines 212--220
[]\OT1/cmr/m/n/10 Please use ONLY \OMS/cmsy/m/n/10 n\OT1/cmr/m/n/10 citet and \
OMS/cmsy/m/n/10 n\OT1/cmr/m/n/10 citep for ref-er-ence ci-ta-tions. DO NOT use 
other cite 
 []


Overfull \hbox (21.23793pt too wide) in paragraph at lines 212--220
\OT1/cmr/m/n/10 com-mands (e.g., \OMS/cmsy/m/n/10 n\OT1/cmr/m/n/10 cite, \OMS/c
msy/m/n/10 n\OT1/cmr/m/n/10 citeyear, \OMS/cmsy/m/n/10 n\OT1/cmr/m/n/10 nocite,
 \OMS/cmsy/m/n/10 n\OT1/cmr/m/n/10 citealp, etc.). Ex-am-ple \OMS/cmsy/m/n/10 n
\OT1/cmr/m/n/10 citet and \OMS/cmsy/m/n/10 n\OT1/cmr/m/n/10 citep: ...as 
 []


Overfull \hbox (15.76576pt too wide) in paragraph at lines 212--220
\OT1/cmr/m/n/10 shown by Lev-i-tus et al.[] (2012), Nun-cio, Luis, and Yuan (20
11) and Raphael (2004) ...as 
 []


Overfull \hbox (23.40463pt too wide) in paragraph at lines 212--220
\OT1/cmr/m/n/10 shown by (Lev-i-tus et al.[], 2012), (Nun-cio et al.[], 2011), 
(Raphael, 2004). ...has been shown 
 []


Underfull \vbox (badness 10000) has occurred while \output is active []

[2]
Overfull \hbox (16.18227pt too wide) in paragraph at lines 225--227
[]\OT1/cmr/m/n/10 As of 2018 we rec-om-mend use of the TrackChanges pack-age to
 mark re-vi-sions. The 
 []


Overfull \hbox (5.59889pt too wide) in paragraph at lines 244--248
[]\OT1/cmr/m/n/10 Enter Fig-ures and Ta-bles near as pos-si-ble to where they a
re first men-tioned: DO 
 []


Overfull \hbox (37.21027pt too wide) in paragraph at lines 244--248
\OT1/cmr/m/n/10 NOT USE \OMS/cmsy/m/n/10 n\OT1/cmr/m/n/10 psfrag or \OMS/cmsy/m
/n/10 n\OT1/cmr/m/n/10 subfigure com-mands. DO NOT USE \OMS/cmsy/m/n/10 n\OT1/c
mr/m/n/10 newcommand, \OMS/cmsy/m/n/10 n\OT1/cmr/m/n/10 renewcommand, 
 []

<final_paper_files/figure-latex/unnamed-chunk-2-1.pdf, id=24, 469.755pt x 325.2
15pt>
File: final_paper_files/figure-latex/unnamed-chunk-2-1.pdf Graphic file (type p
df)
<use final_paper_files/figure-latex/unnamed-chunk-2-1.pdf>
Package pdftex.def Info: final_paper_files/figure-latex/unnamed-chunk-2-1.pdf  
used on input line 250.
(pdftex.def)             Requested size: 469.75386pt x 325.2142pt.

Overfull \hbox (72.26888pt too wide) in paragraph at lines 250--250
[][] 
 []


LaTeX Warning: `h' float specifier changed to `ht'.

LaTeX Font Info:    External font `cmex10' loaded for size
(Font)              <9> on input line 256.

Overfull \hbox (2.25162pt too wide) in paragraph at lines 275--277
[]\OT1/cmr/m/n/10 AGU prefers the use of \OMS/cmsy/m/n/10 f\OT1/cmr/m/n/10 side
waystable\OMS/cmsy/m/n/10 g \OT1/cmr/m/n/10 over \OMS/cmsy/m/n/10 f\OT1/cmr/m/n
/10 landscapetable\OMS/cmsy/m/n/10 g \OT1/cmr/m/n/10 as it causes fewer 
 []

<final_paper_files/figure-latex/unnamed-chunk-3-1.pdf, id=25, 469.755pt x 325.2
15pt>
File: final_paper_files/figure-latex/unnamed-chunk-3-1.pdf Graphic file (type p
df)
<use final_paper_files/figure-latex/unnamed-chunk-3-1.pdf>
Package pdftex.def Info: final_paper_files/figure-latex/unnamed-chunk-3-1.pdf  
used on input line 279.
(pdftex.def)             Requested size: 469.75386pt x 325.2142pt.

Overfull \hbox (2.2657pt too wide) in paragraph at lines 291--294
[]\OT1/cmr/m/n/10 If us-ing num-bered lines, please sur-round equa-tions with \
OMS/cmsy/m/n/10 n\OT1/cmr/m/n/10 begin\OMS/cmsy/m/n/10 f\OT1/cmr/m/n/10 linenom
ath*\OMS/cmsy/m/n/10 g\OT1/cmr/m/n/10 ... 
 []

[3] [4 <./final_paper_files/figure-latex/unnamed-chunk-2-1.pdf>] [5 <./final_pa
per_files/figure-latex/unnamed-chunk-3-1.pdf>]
Overfull \hbox (4.35988pt too wide) in paragraph at lines 333--337
[]\OT1/cmr/m/n/10 Equation in German-born physi-cist Al-bert Ein-stein's the-or
y of spe-cial rel-a- 
 []


Overfull \hbox (8.43468pt too wide) in paragraph at lines 333--337
\OT1/cmr/m/n/10 tiv-ity that showed that the in-creased rel-a-tivis-tic mass ($
\OML/cmm/m/it/10 m$\OT1/cmr/m/n/10 ) of a body comes from 
 []


Overfull \hbox (11.25182pt too wide) in paragraph at lines 333--337
\OT1/cmr/m/n/10 the en-ergy of mo-tion of the body|that is, its ki-netic en-erg
y ($\OML/cmm/m/it/10 E$\OT1/cmr/m/n/10 )|divided by the 
 []


Overfull \hbox (1.70999pt too wide) in paragraph at lines 341--344
[]\OT1/cmr/m/n/10 The ac-knowl-edg-ments must list: A state-ment that in-di-cat
es to the reader where 
 []


Overfull \hbox (10.46014pt too wide) in paragraph at lines 341--344
\OT1/cmr/m/n/10 the data sup-port-ing the con-clu-sions can be ob-tained (for e
x-am-ple, in the ref-er-ences, ta- 
 []


Overfull \hbox (6.2935pt too wide) in paragraph at lines 349--351
[]\OT1/cmr/m/n/10 Other af-fil-i-a-tions for any au-thor that may be per-ceived
 as hav-ing a con-flict of in- 
 []


Underfull \vbox (badness 10000) has occurred while \output is active []

[6] [7] (./final_paper.bbl
Underfull \hbox (badness 10000) in paragraph at lines 14--38
[]\OT1/cmr/m/n/10 Levitus, S., Yarosh, E. S., Zweng, M. M., Antonov, J. I., Boy
er, T. P., Bara-nova, 
 []


Underfull \hbox (badness 10000) in paragraph at lines 14--38
\OT1/cmr/m/n/10 trieved from $\OT1/cmtt/m/n/10 http :// www [] .agu [] .org / p
ubs / crossref / pip / 2012GL051106 [] .shtml$ 
 []


Underfull \hbox (badness 2790) in paragraph at lines 52--69
[]\OT1/cmr/m/n/10 Nuncio, M., Luis, A. J., & Yuan, X.  (2011).  To-po-graphic m
e-an-der-ing of Antarc- 
 []


Underfull \hbox (badness 10000) in paragraph at lines 52--69
\OT1/cmr/m/n/10 tic Cir-cum-po-lar Cur-rent and Antarc-tic Cir-cum-po-lar Wave 
in the ice-ocean- 
 []


Underfull \hbox (badness 10000) in paragraph at lines 52--69
\OT1/cmr/m/n/10 atmosphere sys-tem.  \OT1/cmr/m/it/10 Geo-phys-i-cal Re-search 
Let-ters\OT1/cmr/m/n/10 , \OT1/cmr/m/it/10 38\OT1/cmr/m/n/10 (13), 1--5.  doi: 

 []


Underfull \hbox (badness 10000) in paragraph at lines 81--97
[]\OT1/cmr/m/n/10 Raphael, M. N.  (2004).  A zonal wave 3 in-dex for the South-
ern Hemi-sphere. 
 []


Underfull \hbox (badness 10000) in paragraph at lines 81--97
\OT1/cmr/m/it/10 Geo-phys-i-cal Re-search Let-ters\OT1/cmr/m/n/10 , \OT1/cmr/m/
it/10 31\OT1/cmr/m/n/10 (23), 1--4.  Re-trieved from $\OT1/cmtt/m/n/10 http ://
 
 []

) [8] (./final_paper.aux)

LaTeX Font Warning: Size substitutions with differences
(Font)              up to 0.45pt have occurred.

 ) 
Here is how much of TeX's memory you used:
 3685 strings out of 480954
 53336 string characters out of 5907138
 353362 words of memory out of 5000000
 20832 multiletter control sequences out of 15000+600000
 412867 words of font info for 59 fonts, out of 8000000 for 9000
 20 hyphenation exceptions out of 8191
 96i,10n,102p,249b,364s stack positions out of 5000i,500n,10000p,200000b,80000s
 </home/robert/.TinyTeX/texmf-var/fonts/pk/ljfour/jknappen/ec/tcrm0600.600pk>
 </home/robert/.TinyTeX/texmf-var/fonts/pk/ljfour/jknappen/ec/tcrm0700.600pk></
home/robert/.TinyTeX/texmf-dist/fonts/type1/public/amsfonts/cm/cmbx10.pfb></hom
e/robert/.TinyTeX/texmf-dist/fonts/type1/public/amsfonts/cm/cmbx12.pfb></home/r
obert/.TinyTeX/texmf-dist/fonts/type1/public/amsfonts/cm/cmbx7.pfb></home/rober
t/.TinyTeX/texmf-dist/fonts/type1/public/amsfonts/cm/cmbx9.pfb></home/robert/.T
inyTeX/texmf-dist/fonts/type1/public/amsfonts/cm/cmmi10.pfb></home/robert/.Tiny
TeX/texmf-dist/fonts/type1/public/amsfonts/cm/cmmi6.pfb></home/robert/.TinyTeX/
texmf-dist/fonts/type1/public/amsfonts/cm/cmmi7.pfb></home/robert/.TinyTeX/texm
f-dist/fonts/type1/public/amsfonts/cm/cmmib10.pfb></home/robert/.TinyTeX/texmf-
dist/fonts/type1/public/amsfonts/cm/cmr10.pfb></home/robert/.TinyTeX/texmf-dist
/fonts/type1/public/amsfonts/cm/cmr6.pfb></home/robert/.TinyTeX/texmf-dist/font
s/type1/public/amsfonts/cm/cmr7.pfb></home/robert/.TinyTeX/texmf-dist/fonts/typ
e1/public/amsfonts/cm/cmr8.pfb></home/robert/.TinyTeX/texmf-dist/fonts/type1/pu
blic/amsfonts/cm/cmr9.pfb></home/robert/.TinyTeX/texmf-dist/fonts/type1/public/
amsfonts/cm/cmss8.pfb></home/robert/.TinyTeX/texmf-dist/fonts/type1/public/amsf
onts/cm/cmsy10.pfb></home/robert/.TinyTeX/texmf-dist/fonts/type1/public/amsfont
s/cm/cmsy5.pfb></home/robert/.TinyTeX/texmf-dist/fonts/type1/public/amsfonts/cm
/cmti10.pfb></home/robert/.TinyTeX/texmf-dist/fonts/type1/public/amsfonts/cm/cm
ti9.pfb></home/robert/.TinyTeX/texmf-dist/fonts/type1/public/amsfonts/cm/cmtt10
.pfb></home/robert/.TinyTeX/texmf-dist/fonts/type1/public/amsfonts/cm/cmtt9.pfb
>
Output written on final_paper.pdf (8 pages, 234501 bytes).
PDF statistics:
 135 PDF objects out of 1000 (max. 8388607)
 96 compressed objects within 1 object stream
 0 named destinations out of 1000 (max. 500000)
 11 words of extra memory for PDF output out of 10000 (max. 10000000)

